<?xml version="1.0" encoding="UTF-8"?>
<testng-results total="2" passed="2" failed="0" skipped="0">
  <reporter-output>
  </reporter-output>
  <suite started-at="2022-04-18T08:22:55Z" name="Default suite" finished-at="2022-04-18T08:23:14Z" duration-ms="18788">
    <groups>
    </groups>
    <test started-at="2022-04-18T08:22:55Z" name="Default test" finished-at="2022-04-18T08:23:14Z" duration-ms="18788">
      <class name="com.cimb.qa.testcases.TestCase2">
        <test-method is-config="true" signature="setUp()[pri:0, instance:com.cimb.qa.testcases.TestCase2@5be46f9d]" started-at="2022-04-18T16:22:55Z" name="setUp" finished-at="2022-04-18T16:23:00Z" duration-ms="4692" status="PASS">
          <reporter-output>
          </reporter-output>
        </test-method> <!-- setUp -->
        <test-method signature="GotoProRepay()[pri:0, instance:com.cimb.qa.testcases.TestCase2@5be46f9d]" started-at="2022-04-18T16:23:00Z" name="GotoProRepay" finished-at="2022-04-18T16:23:04Z" duration-ms="4505" status="PASS">
          <reporter-output>
          </reporter-output>
        </test-method> <!-- GotoProRepay -->
        <test-method is-config="true" signature="tearDown()[pri:0, instance:com.cimb.qa.testcases.TestCase2@5be46f9d]" started-at="2022-04-18T16:23:04Z" name="tearDown" finished-at="2022-04-18T16:23:05Z" duration-ms="247" status="PASS">
          <reporter-output>
          </reporter-output>
        </test-method> <!-- tearDown -->
      </class> <!-- com.cimb.qa.testcases.TestCase2 -->
      <class name="com.cimb.qa.testcases.TestCase1">
        <test-method is-config="true" signature="setUp()[pri:0, instance:com.cimb.qa.testcases.TestCase1@2c78d320]" started-at="2022-04-18T16:23:05Z" name="setUp" finished-at="2022-04-18T16:23:07Z" duration-ms="2425" status="PASS">
          <reporter-output>
          </reporter-output>
        </test-method> <!-- setUp -->
        <test-method signature="Gotospecificdeal()[pri:0, instance:com.cimb.qa.testcases.TestCase1@2c78d320]" started-at="2022-04-18T16:23:07Z" name="Gotospecificdeal" finished-at="2022-04-18T16:23:14Z" duration-ms="6668" status="PASS">
          <reporter-output>
          </reporter-output>
        </test-method> <!-- Gotospecificdeal -->
        <test-method is-config="true" signature="tearDown()[pri:0, instance:com.cimb.qa.testcases.TestCase1@2c78d320]" started-at="2022-04-18T16:23:14Z" name="tearDown" finished-at="2022-04-18T16:23:14Z" duration-ms="240" status="PASS">
          <reporter-output>
          </reporter-output>
        </test-method> <!-- tearDown -->
      </class> <!-- com.cimb.qa.testcases.TestCase1 -->
    </test> <!-- Default test -->
  </suite> <!-- Default suite -->
</testng-results>
